0 info it worked if it ends with ok
1 verbose cli [ 'C:\\Program Files\\nodejs\\node.exe',
1 verbose cli   'C:\\Program Files\\nodejs\\node_modules\\npm\\bin\\npm-cli.js',
1 verbose cli   'start' ]
2 info using npm@3.10.10
3 info using node@v6.10.3
4 verbose run-script [ 'prestart', 'start', 'poststart' ]
5 info lifecycle testexpress2@1.0.0~prestart: testexpress2@1.0.0
6 silly lifecycle testexpress2@1.0.0~prestart: no script for prestart, continuing
7 info lifecycle testexpress2@1.0.0~start: testexpress2@1.0.0
8 verbose lifecycle testexpress2@1.0.0~start: unsafe-perm in lifecycle true
9 verbose lifecycle testexpress2@1.0.0~start: PATH: C:\Program Files\nodejs\node_modules\npm\bin\node-gyp-bin;D:\Andrii\IntellijIdea\testExpress2\node_modules\.bin;D:\app\client\HyperX\product\12.1.0\client_1\bin;C:\ProgramData\Oracle\Java\javapath;C:\WINDOWS\system32;C:\WINDOWS;C:\WINDOWS\System32\Wbem;C:\WINDOWS\System32\WindowsPowerShell\v1.0\;C:\Program Files\MySQL\MySQL Server 5.5\bin;C:\Program Files (x86)\Skype\Phone\;C:\Program Files\Java\jdk1.8.0_101\bin;C:\Program Files\apache-maven-3.3.9\bin;C:\Program Files\apache-tomcat-9.0.0.M9\bin;C:\Program Files (x86)\Heroku\bin;C:\Program Files (x86)\git\cmd;C:\Program Files\dotnet\;C:\Program Files\Microsoft SQL Server\130\Tools\Binn\;C:\Program Files\Git\cmd;C:\wamp64\bin\php\php7.0.10;C:\ProgramData\ComposerSetup\bin;C:\Program Files\nodejs\;D:\ProgramFiles\Ruby24-x64\bin;C:\Users\HyperX\AppData\Local\Programs\Python\Python35-32\Scripts\;C:\Users\HyperX\AppData\Local\Programs\Python\Python35-32\;C:\Users\HyperX\AppData\Local\Microsoft\WindowsApps;C:\Users\HyperX\AppData\Roaming\Composer\vendor\bin;C:\Users\HyperX\AppData\Roaming\npm;D:\ProgramFiles\Heroku\bin
10 verbose lifecycle testexpress2@1.0.0~start: CWD: D:\Andrii\IntellijIdea\testExpress2
11 silly lifecycle testexpress2@1.0.0~start: Args: [ '/d /s /c', 'node index.js' ]
12 silly lifecycle testexpress2@1.0.0~start: Returned: code: 1  signal: null
13 info lifecycle testexpress2@1.0.0~start: Failed to exec start script
14 verbose stack Error: testexpress2@1.0.0 start: `node index.js`
14 verbose stack Exit status 1
14 verbose stack     at EventEmitter.<anonymous> (C:\Program Files\nodejs\node_modules\npm\lib\utils\lifecycle.js:255:16)
14 verbose stack     at emitTwo (events.js:106:13)
14 verbose stack     at EventEmitter.emit (events.js:191:7)
14 verbose stack     at ChildProcess.<anonymous> (C:\Program Files\nodejs\node_modules\npm\lib\utils\spawn.js:40:14)
14 verbose stack     at emitTwo (events.js:106:13)
14 verbose stack     at ChildProcess.emit (events.js:191:7)
14 verbose stack     at maybeClose (internal/child_process.js:886:16)
14 verbose stack     at Process.ChildProcess._handle.onexit (internal/child_process.js:226:5)
15 verbose pkgid testexpress2@1.0.0
16 verbose cwd D:\Andrii\IntellijIdea\testExpress2
17 error Windows_NT 10.0.16299
18 error argv "C:\\Program Files\\nodejs\\node.exe" "C:\\Program Files\\nodejs\\node_modules\\npm\\bin\\npm-cli.js" "start"
19 error node v6.10.3
20 error npm  v3.10.10
21 error code ELIFECYCLE
22 error testexpress2@1.0.0 start: `node index.js`
22 error Exit status 1
23 error Failed at the testexpress2@1.0.0 start script 'node index.js'.
23 error Make sure you have the latest version of node.js and npm installed.
23 error If you do, this is most likely a problem with the testexpress2 package,
23 error not with npm itself.
23 error Tell the author that this fails on your system:
23 error     node index.js
23 error You can get information on how to open an issue for this project with:
23 error     npm bugs testexpress2
23 error Or if that isn't available, you can get their info via:
23 error     npm owner ls testexpress2
23 error There is likely additional logging output above.
24 verbose exit [ 1, true ]
